# JRE version: Java(TM) SE Runtime Environment (8.0_71-b15) (build 1.8.0_71-b15)
# Java VM: Java HotSpot(TM) 64-Bit Server VM (25.71-b15 mixed mode bsd-amd64 compressed oops)
Heap:
 PSYoungGen      total 229376K, used 118272K [0x00000007aab00000, 0x00000007c0000000, 0x00000007c0000000)
  eden space 118272K, 100% used [0x00000007aab00000,0x00000007b1e80000,0x00000007b1e80000)
  from space 111104K, 0% used [0x00000007b8e00000,0x00000007b8e00000,0x00000007bfa80000)
  to   space 114176K, 0% used [0x00000007b1e80000,0x00000007b1e80000,0x00000007b8e00000)
 ParOldGen       total 699392K, used 699221K [0x0000000780000000, 0x00000007aab00000, 0x00000007aab00000)
  object space 699392K, 99% used [0x0000000780000000,0x00000007aaad5518,0x00000007aab00000)
 Metaspace       used 135649K, capacity 140084K, committed 144640K, reserved 1175552K
  class space    used 17700K, capacity 18102K, committed 19200K, reserved 1048576K
GC Heap History (10 events):
Event: 12044.109 GC heap after
Heap after GC invocations=2361 (full 2305):
 PSYoungGen      total 229376K, used 118271K [0x00000007aab00000, 0x00000007c0000000, 0x00000007c0000000)
  eden space 118272K, 99% used [0x00000007aab00000,0x00000007b1e7fcf8,0x00000007b1e80000)
  from space 111104K, 0% used [0x00000007b8e00000,0x00000007b8e00000,0x00000007bfa80000)
  to   space 114176K, 0% used [0x00000007b1e80000,0x00000007b1e80000,0x00000007b8e00000)
 ParOldGen       total 699392K, used 699219K [0x0000000780000000, 0x00000007aab00000, 0x00000007aab00000)
  object space 699392K, 99% used [0x0000000780000000,0x00000007aaad4da8,0x00000007aab00000)
 Metaspace       used 135653K, capacity 140090K, committed 144640K, reserved 1175552K
  class space    used 17701K, capacity 18103K, committed 19200K, reserved 1048576K
}
Event: 12044.109 GC heap before
{Heap before GC invocations=2362 (full 2306):
 PSYoungGen      total 229376K, used 118272K [0x00000007aab00000, 0x00000007c0000000, 0x00000007c0000000)
  eden space 118272K, 100% used [0x00000007aab00000,0x00000007b1e80000,0x00000007b1e80000)
  from space 111104K, 0% used [0x00000007b8e00000,0x00000007b8e00000,0x00000007bfa80000)
  to   space 114176K, 0% used [0x00000007b1e80000,0x00000007b1e80000,0x00000007b8e00000)
 ParOldGen       total 699392K, used 699219K [0x0000000780000000, 0x00000007aab00000, 0x00000007aab00000)
  object space 699392K, 99% used [0x0000000780000000,0x00000007aaad4da8,0x00000007aab00000)
 Metaspace       used 135653K, capacity 140090K, committed 144640K, reserved 1175552K
  class space    used 17701K, capacity 18103K, committed 19200K, reserved 1048576K
Event: 12045.200 GC heap after
Heap after GC invocations=2362 (full 2306):
 PSYoungGen      total 229376K, used 118271K [0x00000007aab00000, 0x00000007c0000000, 0x00000007c0000000)
  eden space 118272K, 99% used [0x00000007aab00000,0x00000007b1e7fd20,0x00000007b1e80000)
  from space 111104K, 0% used [0x00000007b8e00000,0x00000007b8e00000,0x00000007bfa80000)
  to   space 114176K, 0% used [0x00000007b1e80000,0x00000007b1e80000,0x00000007b8e00000)
 ParOldGen       total 699392K, used 699219K [0x0000000780000000, 0x00000007aab00000, 0x00000007aab00000)
  object space 699392K, 99% used [0x0000000780000000,0x00000007aaad4cb8,0x00000007aab00000)
 Metaspace       used 135653K, capacity 140090K, committed 144640K, reserved 1175552K
  class space    used 17701K, capacity 18103K, committed 19200K, reserved 1048576K
}
Event: 12045.201 GC heap before
{Heap before GC invocations=2363 (full 2307):
 PSYoungGen      total 229376K, used 118272K [0x00000007aab00000, 0x00000007c0000000, 0x00000007c0000000)
  eden space 118272K, 100% used [0x00000007aab00000,0x00000007b1e80000,0x00000007b1e80000)
  from space 111104K, 0% used [0x00000007b8e00000,0x00000007b8e00000,0x00000007bfa80000)
  to   space 114176K, 0% used [0x00000007b1e80000,0x00000007b1e80000,0x00000007b8e00000)
 ParOldGen       total 699392K, used 699219K [0x0000000780000000, 0x00000007aab00000, 0x00000007aab00000)
  object space 699392K, 99% used [0x0000000780000000,0x00000007aaad4cb8,0x00000007aab00000)
 Metaspace       used 135653K, capacity 140090K, committed 144640K, reserved 1175552K
  class space    used 17701K, capacity 18103K, committed 19200K, reserved 1048576K
Event: 12046.296 GC heap after
Heap after GC invocations=2363 (full 2307):
 PSYoungGen      total 229376K, used 118271K [0x00000007aab00000, 0x00000007c0000000, 0x00000007c0000000)
  eden space 118272K, 99% used [0x00000007aab00000,0x00000007b1e7fe60,0x00000007b1e80000)
  from space 111104K, 0% used [0x00000007b8e00000,0x00000007b8e00000,0x00000007bfa80000)
  to   space 114176K, 0% used [0x00000007b1e80000,0x00000007b1e80000,0x00000007b8e00000)
 ParOldGen       total 699392K, used 699218K [0x0000000780000000, 0x00000007aab00000, 0x00000007aab00000)
  object space 699392K, 99% used [0x0000000780000000,0x00000007aaad4b98,0x00000007aab00000)
 Metaspace       used 135653K, capacity 140090K, committed 144640K, reserved 1175552K
  class space    used 17701K, capacity 18103K, committed 19200K, reserved 1048576K
}
Event: 12046.296 GC heap before
{Heap before GC invocations=2364 (full 2308):
 PSYoungGen      total 229376K, used 118272K [0x00000007aab00000, 0x00000007c0000000, 0x00000007c0000000)
  eden space 118272K, 100% used [0x00000007aab00000,0x00000007b1e80000,0x00000007b1e80000)
  from space 111104K, 0% used [0x00000007b8e00000,0x00000007b8e00000,0x00000007bfa80000)
  to   space 114176K, 0% used [0x00000007b1e80000,0x00000007b1e80000,0x00000007b8e00000)
 ParOldGen       total 699392K, used 699218K [0x0000000780000000, 0x00000007aab00000, 0x00000007aab00000)
  object space 699392K, 99% used [0x0000000780000000,0x00000007aaad4b98,0x00000007aab00000)
 Metaspace       used 135653K, capacity 140090K, committed 144640K, reserved 1175552K
  class space    used 17701K, capacity 18103K, committed 19200K, reserved 1048576K
Event: 12047.415 GC heap after
Heap after GC invocations=2364 (full 2308):
 PSYoungGen      total 229376K, used 118271K [0x00000007aab00000, 0x00000007c0000000, 0x00000007c0000000)
  eden space 118272K, 99% used [0x00000007aab00000,0x00000007b1e7ff40,0x00000007b1e80000)
  from space 111104K, 0% used [0x00000007b8e00000,0x00000007b8e00000,0x00000007bfa80000)
  to   space 114176K, 0% used [0x00000007b1e80000,0x00000007b1e80000,0x00000007b8e00000)
 ParOldGen       total 699392K, used 699217K [0x0000000780000000, 0x00000007aab00000, 0x00000007aab00000)
  object space 699392K, 99% used [0x0000000780000000,0x00000007aaad47c8,0x00000007aab00000)
 Metaspace       used 135649K, capacity 140084K, committed 144640K, reserved 1175552K
  class space    used 17700K, capacity 18102K, committed 19200K, reserved 1048576K
}
Event: 12047.416 GC heap before
{Heap before GC invocations=2365 (full 2309):
 PSYoungGen      total 229376K, used 118271K [0x00000007aab00000, 0x00000007c0000000, 0x00000007c0000000)
  eden space 118272K, 99% used [0x00000007aab00000,0x00000007b1e7ffd0,0x00000007b1e80000)
  from space 111104K, 0% used [0x00000007b8e00000,0x00000007b8e00000,0x00000007bfa80000)
  to   space 114176K, 0% used [0x00000007b1e80000,0x00000007b1e80000,0x00000007b8e00000)
 ParOldGen       total 699392K, used 699217K [0x0000000780000000, 0x00000007aab00000, 0x00000007aab00000)
  object space 699392K, 99% used [0x0000000780000000,0x00000007aaad47c8,0x00000007aab00000)
 Metaspace       used 135649K, capacity 140084K, committed 144640K, reserved 1175552K
  class space    used 17700K, capacity 18102K, committed 19200K, reserved 1048576K
Event: 12048.511 GC heap after
Heap after GC invocations=2365 (full 2309):
 PSYoungGen      total 229376K, used 118271K [0x00000007aab00000, 0x00000007c0000000, 0x00000007c0000000)
  eden space 118272K, 99% used [0x00000007aab00000,0x00000007b1e7ffd0,0x00000007b1e80000)
  from space 111104K, 0% used [0x00000007b8e00000,0x00000007b8e00000,0x00000007bfa80000)
  to   space 114176K, 0% used [0x00000007b1e80000,0x00000007b1e80000,0x00000007b8e00000)
 ParOldGen       total 699392K, used 699217K [0x0000000780000000, 0x00000007aab00000, 0x00000007aab00000)
  object space 699392K, 99% used [0x0000000780000000,0x00000007aaad47c8,0x00000007aab00000)
 Metaspace       used 135649K, capacity 140084K, committed 144640K, reserved 1175552K
  class space    used 17700K, capacity 18102K, committed 19200K, reserved 1048576K
}
Event: 12048.511 GC heap before
{Heap before GC invocations=2366 (full 2310):
 PSYoungGen      total 229376K, used 118272K [0x00000007aab00000, 0x00000007c0000000, 0x00000007c0000000)
  eden space 118272K, 100% used [0x00000007aab00000,0x00000007b1e80000,0x00000007b1e80000)
  from space 111104K, 0% used [0x00000007b8e00000,0x00000007b8e00000,0x00000007bfa80000)
  to   space 114176K, 0% used [0x00000007b1e80000,0x00000007b1e80000,0x00000007b8e00000)
 ParOldGen       total 699392K, used 699221K [0x0000000780000000, 0x00000007aab00000, 0x00000007aab00000)
  object space 699392K, 99% used [0x0000000780000000,0x00000007aaad5518,0x00000007aab00000)
 Metaspace       used 135649K, capacity 140084K, committed 144640K, reserved 1175552K
  class space    used 17700K, capacity 18102K, committed 19200K, reserved 1048576K

